<?xml version="1.0" encoding="UTF-8"?>
<testng-results ignored="0" total="1" passed="1" failed="0" skipped="0">
  <reporter-output>
  </reporter-output>
  <suite started-at="2021-02-21T10:05:52 IST" name="Suite" finished-at="2021-02-21T10:06:02 IST" duration-ms="9290">
    <groups>
    </groups>
    <test started-at="2021-02-21T10:05:52 IST" name="Test" finished-at="2021-02-21T10:06:02 IST" duration-ms="9290">
      <class name="com.techbeamers.LoadTest01">
        <test-method is-config="true" signature="beforeClass()[pri:0, instance:com.techbeamers.LoadTest01@2d9d4f9d]" started-at="2021-02-21T10:05:52 IST" name="beforeClass" finished-at="2021-02-21T10:05:57 IST" duration-ms="5189" status="PASS">
          <reporter-output>
          </reporter-output>
        </test-method> <!-- beforeClass -->
        <test-method signature="verifySearchButton()[pri:0, instance:com.techbeamers.LoadTest01@2d9d4f9d]" started-at="2021-02-21T10:05:57 IST" name="verifySearchButton" finished-at="2021-02-21T10:06:01 IST" duration-ms="3261" status="PASS">
          <reporter-output>
          </reporter-output>
        </test-method> <!-- verifySearchButton -->
        <test-method is-config="true" signature="afterClass()[pri:0, instance:com.techbeamers.LoadTest01@2d9d4f9d]" started-at="2021-02-21T10:06:01 IST" name="afterClass" finished-at="2021-02-21T10:06:02 IST" duration-ms="786" status="PASS">
          <reporter-output>
          </reporter-output>
        </test-method> <!-- afterClass -->
      </class> <!-- com.techbeamers.LoadTest01 -->
    </test> <!-- Test -->
  </suite> <!-- Suite -->
</testng-results>
