<?xml version="1.0" encoding="UTF-8"?>
<testng-results ignored="0" total="1" passed="1" failed="0" skipped="0">
  <reporter-output>
  </reporter-output>
  <suite started-at="2021-02-21T09:42:23 IST" name="Default suite" finished-at="2021-02-21T09:42:29 IST" duration-ms="6195">
    <groups>
    </groups>
    <test started-at="2021-02-21T09:42:23 IST" name="Default test" finished-at="2021-02-21T09:42:29 IST" duration-ms="6195">
      <class name="com.techbeamers.LoadTest01">
        <test-method is-config="true" signature="beforeClass()[pri:0, instance:com.techbeamers.LoadTest01@48fa0f47]" started-at="2021-02-21T09:42:23 IST" name="beforeClass" finished-at="2021-02-21T09:42:27 IST" duration-ms="3963" status="PASS">
          <reporter-output>
          </reporter-output>
        </test-method> <!-- beforeClass -->
        <test-method signature="verifySearchButton()[pri:0, instance:com.techbeamers.LoadTest01@48fa0f47]" started-at="2021-02-21T09:42:27 IST" name="verifySearchButton" finished-at="2021-02-21T09:42:28 IST" duration-ms="1550" status="PASS">
          <reporter-output>
          </reporter-output>
        </test-method> <!-- verifySearchButton -->
        <test-method is-config="true" signature="afterClass()[pri:0, instance:com.techbeamers.LoadTest01@48fa0f47]" started-at="2021-02-21T09:42:28 IST" name="afterClass" finished-at="2021-02-21T09:42:29 IST" duration-ms="651" status="PASS">
          <reporter-output>
          </reporter-output>
        </test-method> <!-- afterClass -->
      </class> <!-- com.techbeamers.LoadTest01 -->
    </test> <!-- Default test -->
  </suite> <!-- Default suite -->
</testng-results>
